<?xml version="1.0" encoding="UTF-8"?>
<!-- Generated by org.testng.reporters.JUnitReportReporter -->
<testsuite hostname="OsamaAsusLaptop" failures="0" tests="1" name="test.AddCustomerTest" time="25.502" errors="0" timestamp="2020-12-27T19:56:33 EST" skipped="0">
  <testcase classname="test.AddCustomerTest" name="userShouldBeAbleToCreateNewCustomer" time="25.502"/>
  <system-out/>
</testsuite> <!-- test.AddCustomerTest -->
