<?xml version="1.0" encoding="UTF-8"?>
<!-- Generated by org.testng.reporters.JUnitReportReporter -->
<testsuite skipped="0" hostname="DESKTOP-N308L1J" name="test.AddCustomerTest" tests="1" failures="0" timestamp="15 Nov 2020 19:38:46 GMT" time="23.848" errors="0">
  <testcase name="userShouldBeAbleToCreateNewCustomer" time="23.848" classname="test.AddCustomerTest"/>
</testsuite> <!-- test.AddCustomerTest -->
