<?xml version="1.0" encoding="UTF-8"?>
<!-- Generated by org.testng.reporters.JUnitReportReporter -->
<testsuite skipped="0" hostname="DESKTOP-N308L1J" name="test.LoginTest" tests="1" failures="0" timestamp="15 Nov 2020 16:50:40 GMT" time="12.325" errors="0">
  <testcase name="loginTest" time="12.325" classname="test.LoginTest"/>
</testsuite> <!-- test.LoginTest -->
