<?xml version="1.0" encoding="UTF-8"?>
<!-- Generated by org.testng.reporters.JUnitReportReporter -->
<testsuite hostname="OsamaAsusLaptop" failures="0" tests="1" name="test.LoginTest" time="11.551" errors="0" timestamp="2020-11-15T19:22:05 EST" skipped="0">
  <testcase classname="test.LoginTest" name="validUserShouldBeAbleToLogin" time="11.551"/>
  <system-out/>
</testsuite> <!-- test.LoginTest -->
